<?xml version="1.0" encoding="UTF-8"?>
<testng-results skipped="0" failed="0" ignored="0" total="5" passed="5">
  <reporter-output>
  </reporter-output>
  <suite name="Default suite" duration-ms="608964" started-at="2021-03-27T19:05:20Z" finished-at="2021-03-27T19:15:29Z">
    <groups>
    </groups>
    <test name="Default test" duration-ms="608964" started-at="2021-03-27T19:05:20Z" finished-at="2021-03-27T19:15:29Z">
      <class name="actions.FinlityLogsTestSuite">
        <test-method status="PASS" signature="startUp()[pri:0, instance:actions.FinlityLogsTestSuite@26be92ad]" name="startUp" is-config="true" duration-ms="11714" started-at="2021-03-27T20:05:20Z" finished-at="2021-03-27T20:05:32Z">
          <reporter-output>
          </reporter-output>
        </test-method> <!-- startUp -->
        <test-method status="PASS" signature="FinalityLogsGeneralSearch()[pri:1, instance:actions.FinlityLogsTestSuite@26be92ad]" name="FinalityLogsGeneralSearch" duration-ms="123651" started-at="2021-03-27T20:05:32Z" finished-at="2021-03-27T20:07:35Z">
          <reporter-output>
          </reporter-output>
        </test-method> <!-- FinalityLogsGeneralSearch -->
        <test-method status="PASS" signature="SearchWithBankDetails()[pri:2, instance:actions.FinlityLogsTestSuite@26be92ad]" name="SearchWithBankDetails" duration-ms="125972" started-at="2021-03-27T20:07:35Z" finished-at="2021-03-27T20:09:41Z">
          <reporter-output>
          </reporter-output>
        </test-method> <!-- SearchWithBankDetails -->
        <test-method status="PASS" signature="SearchWithTransactionDate()[pri:3, instance:actions.FinlityLogsTestSuite@26be92ad]" name="SearchWithTransactionDate" duration-ms="110325" started-at="2021-03-27T20:09:41Z" finished-at="2021-03-27T20:11:32Z">
          <reporter-output>
          </reporter-output>
        </test-method> <!-- SearchWithTransactionDate -->
        <test-method status="PASS" signature="SearchWithRequestDate()[pri:4, instance:actions.FinlityLogsTestSuite@26be92ad]" name="SearchWithRequestDate" duration-ms="112862" started-at="2021-03-27T20:11:32Z" finished-at="2021-03-27T20:13:25Z">
          <reporter-output>
          </reporter-output>
        </test-method> <!-- SearchWithRequestDate -->
        <test-method status="PASS" signature="SearchWithRequestedBy()[pri:5, instance:actions.FinlityLogsTestSuite@26be92ad]" name="SearchWithRequestedBy" duration-ms="120779" started-at="2021-03-27T20:13:25Z" finished-at="2021-03-27T20:15:25Z">
          <reporter-output>
          </reporter-output>
        </test-method> <!-- SearchWithRequestedBy -->
        <test-method status="PASS" signature="TearDown()[pri:0, instance:actions.FinlityLogsTestSuite@26be92ad]" name="TearDown" is-config="true" duration-ms="3593" started-at="2021-03-27T20:15:25Z" finished-at="2021-03-27T20:15:29Z">
          <reporter-output>
          </reporter-output>
        </test-method> <!-- TearDown -->
      </class> <!-- actions.FinlityLogsTestSuite -->
    </test> <!-- Default test -->
  </suite> <!-- Default suite -->
</testng-results>
